<?xml version="1.0" encoding="UTF-8"?>
<!-- Generated by org.testng.reporters.JUnitReportReporter -->
<testsuite hostname="felipeMac.local" name="veritran.web.TestHomePageWeb" tests="1" failures="0" timestamp="13 Oct 2017 05:55:46 GMT" time="22.633" errors="0">
  <testcase name="testSignIn" time="22.633" classname="veritran.web.TestHomePageWeb"/>
</testsuite> <!-- veritran.web.TestHomePageWeb -->
